2022-06-09 14:46:34,601 INFO org.springframework.boot.StartupInfoLogger [main] Starting DataLakeApplication using Java 17.0.2 on CoffeeContainer with PID 7854 (/home/drich/gojenga/src/datalake/build/classes/java/main started by drich in /home/drich/gojenga/src/datalake)
2022-06-09 14:46:34,614 DEBUG org.springframework.boot.StartupInfoLogger [main] Running with Spring Boot v2.5.6, Spring v5.3.12
2022-06-09 14:46:34,614 INFO org.springframework.boot.SpringApplication [main] No active profile set, falling back to default profiles: default
2022-06-09 14:46:35,697 INFO org.springframework.data.repository.config.RepositoryConfigurationDelegate [main] Bootstrapping Spring Data MongoDB repositories in DEFAULT mode.
2022-06-09 14:46:35,776 INFO org.springframework.data.repository.config.RepositoryConfigurationDelegate [main] Finished Spring Data repository scanning in 74 ms. Found 2 MongoDB repository interfaces.
2022-06-09 14:46:36,331 INFO org.springframework.boot.web.embedded.tomcat.TomcatWebServer [main] Tomcat initialized with port(s): 6789 (http)
2022-06-09 14:46:36,336 INFO org.apache.juli.logging.DirectJDKLog [main] Initializing ProtocolHandler ["http-nio-6789"]
2022-06-09 14:46:36,337 INFO org.apache.juli.logging.DirectJDKLog [main] Starting service [Tomcat]
2022-06-09 14:46:36,337 INFO org.apache.juli.logging.DirectJDKLog [main] Starting Servlet engine: [Apache Tomcat/9.0.54]
2022-06-09 14:46:36,466 INFO org.apache.juli.logging.DirectJDKLog [main] Initializing Spring embedded WebApplicationContext
2022-06-09 14:46:36,467 INFO org.springframework.boot.web.servlet.context.ServletWebServerApplicationContext [main] Root WebApplicationContext: initialization completed in 1815 ms
2022-06-09 14:46:36,944 INFO com.mongodb.diagnostics.logging.SLF4JLogger [main] Cluster created with settings {hosts=[localhost:27017], mode=SINGLE, requiredClusterType=UNKNOWN, serverSelectionTimeout='30000 ms'}
2022-06-09 14:46:37,042 INFO com.mongodb.diagnostics.logging.SLF4JLogger [cluster-ClusterId{value='62a25c2cc1cab72816bb485d', description='null'}-localhost:27017] Opened connection [connectionId{localValue:1, serverValue:2}] to localhost:27017
2022-06-09 14:46:37,043 INFO com.mongodb.diagnostics.logging.SLF4JLogger [cluster-rtt-ClusterId{value='62a25c2cc1cab72816bb485d', description='null'}-localhost:27017] Opened connection [connectionId{localValue:2, serverValue:1}] to localhost:27017
2022-06-09 14:46:37,045 INFO com.mongodb.diagnostics.logging.SLF4JLogger [cluster-ClusterId{value='62a25c2cc1cab72816bb485d', description='null'}-localhost:27017] Monitor thread successfully connected to server with description ServerDescription{address=localhost:27017, type=STANDALONE, state=CONNECTED, ok=true, minWireVersion=0, maxWireVersion=13, maxDocumentSize=16777216, logicalSessionTimeoutMinutes=30, roundTripTimeNanos=61145451}
2022-06-09 14:46:38,505 INFO org.springframework.boot.actuate.endpoint.web.EndpointLinksResolver [main] Exposing 1 endpoint(s) beneath base path '/actuator'
2022-06-09 14:46:38,544 INFO org.apache.juli.logging.DirectJDKLog [main] Starting ProtocolHandler ["http-nio-6789"]
2022-06-09 14:46:38,553 INFO org.springframework.boot.web.embedded.tomcat.TomcatWebServer [main] Tomcat started on port(s): 6789 (http) with context path ''
2022-06-09 14:46:38,567 INFO org.springframework.boot.StartupInfoLogger [main] Started DataLakeApplication in 4.838 seconds (JVM running for 6.905)
2022-06-09 14:46:38,825 INFO org.apache.juli.logging.DirectJDKLog [RMI TCP Connection(1)-127.0.0.1] Initializing Spring DispatcherServlet 'dispatcherServlet'
2022-06-09 14:46:38,826 INFO org.springframework.web.servlet.FrameworkServlet [RMI TCP Connection(1)-127.0.0.1] Initializing Servlet 'dispatcherServlet'
2022-06-09 14:46:38,827 INFO org.springframework.web.servlet.FrameworkServlet [RMI TCP Connection(1)-127.0.0.1] Completed initialization in 1 ms
2022-06-09 14:46:38,844 INFO com.mongodb.diagnostics.logging.SLF4JLogger [RMI TCP Connection(2)-127.0.0.1] Opened connection [connectionId{localValue:3, serverValue:3}] to localhost:27017
2022-06-09 14:46:51,213 DEBUG com.hyperion.datalake.BlockchainController [http-nio-6789-exec-2] Post mapping triggered
2022-06-09 14:46:51,214 DEBUG com.hyperion.datalake.BlockchainController [http-nio-6789-exec-2] Attempting CRT
2022-06-09 14:46:51,214 INFO com.hyperion.datalake.BlockchainController [http-nio-6789-exec-2] Attempting CRT
2022-06-09 14:46:56,229 DEBUG com.hyperion.datalake.BotnetFuncs [http-nio-6789-exec-2] Attempting hashLedger
2022-06-09 14:46:56,230 INFO com.hyperion.datalake.BotnetFuncs [http-nio-6789-exec-2] Attempting hashLedger
2022-06-09 14:49:16,307 ERROR com.hyperion.datalake.BlockchainController [http-nio-6789-exec-2] handlePost triggered exception: java.lang.NullPointerException: Cannot invoke "String.equals(Object)" because the return value of "com.hyperion.datalake.Blockchain.getVerb()" is null
2022-06-09 14:49:17,001 INFO com.mongodb.diagnostics.logging.SLF4JLogger [SpringApplicationShutdownHook] Closed connection [connectionId{localValue:3, serverValue:3}] to localhost:27017 because the pool has been closed.
2022-06-09 14:49:20,278 INFO org.springframework.boot.StartupInfoLogger [main] Starting DataLakeApplication using Java 17.0.2 on CoffeeContainer with PID 8098 (/home/drich/gojenga/src/datalake/build/classes/java/main started by drich in /home/drich/gojenga/src/datalake)
2022-06-09 14:49:20,281 DEBUG org.springframework.boot.StartupInfoLogger [main] Running with Spring Boot v2.5.6, Spring v5.3.12
2022-06-09 14:49:20,281 INFO org.springframework.boot.SpringApplication [main] No active profile set, falling back to default profiles: default
2022-06-09 14:49:20,907 INFO org.springframework.data.repository.config.RepositoryConfigurationDelegate [main] Bootstrapping Spring Data MongoDB repositories in DEFAULT mode.
2022-06-09 14:49:20,938 INFO org.springframework.data.repository.config.RepositoryConfigurationDelegate [main] Finished Spring Data repository scanning in 28 ms. Found 2 MongoDB repository interfaces.
2022-06-09 14:49:21,299 INFO org.springframework.boot.web.embedded.tomcat.TomcatWebServer [main] Tomcat initialized with port(s): 6789 (http)
2022-06-09 14:49:21,305 INFO org.apache.juli.logging.DirectJDKLog [main] Initializing ProtocolHandler ["http-nio-6789"]
2022-06-09 14:49:21,306 INFO org.apache.juli.logging.DirectJDKLog [main] Starting service [Tomcat]
2022-06-09 14:49:21,306 INFO org.apache.juli.logging.DirectJDKLog [main] Starting Servlet engine: [Apache Tomcat/9.0.54]
2022-06-09 14:49:21,366 INFO org.apache.juli.logging.DirectJDKLog [main] Initializing Spring embedded WebApplicationContext
2022-06-09 14:49:21,367 INFO org.springframework.boot.web.servlet.context.ServletWebServerApplicationContext [main] Root WebApplicationContext: initialization completed in 1048 ms
2022-06-09 14:49:21,669 INFO com.mongodb.diagnostics.logging.SLF4JLogger [main] Cluster created with settings {hosts=[localhost:27017], mode=SINGLE, requiredClusterType=UNKNOWN, serverSelectionTimeout='30000 ms'}
2022-06-09 14:49:21,709 INFO com.mongodb.diagnostics.logging.SLF4JLogger [cluster-rtt-ClusterId{value='62a25cd160de906b392fd728', description='null'}-localhost:27017] Opened connection [connectionId{localValue:2, serverValue:4}] to localhost:27017
2022-06-09 14:49:21,709 INFO com.mongodb.diagnostics.logging.SLF4JLogger [cluster-ClusterId{value='62a25cd160de906b392fd728', description='null'}-localhost:27017] Opened connection [connectionId{localValue:1, serverValue:5}] to localhost:27017
2022-06-09 14:49:21,710 INFO com.mongodb.diagnostics.logging.SLF4JLogger [cluster-ClusterId{value='62a25cd160de906b392fd728', description='null'}-localhost:27017] Monitor thread successfully connected to server with description ServerDescription{address=localhost:27017, type=STANDALONE, state=CONNECTED, ok=true, minWireVersion=0, maxWireVersion=13, maxDocumentSize=16777216, logicalSessionTimeoutMinutes=30, roundTripTimeNanos=10878011}
2022-06-09 14:49:22,768 INFO org.springframework.boot.actuate.endpoint.web.EndpointLinksResolver [main] Exposing 1 endpoint(s) beneath base path '/actuator'
2022-06-09 14:49:22,808 INFO org.apache.juli.logging.DirectJDKLog [main] Starting ProtocolHandler ["http-nio-6789"]
2022-06-09 14:49:22,816 INFO org.springframework.boot.web.embedded.tomcat.TomcatWebServer [main] Tomcat started on port(s): 6789 (http) with context path ''
2022-06-09 14:49:22,829 INFO org.springframework.boot.StartupInfoLogger [main] Started DataLakeApplication in 3.096 seconds (JVM running for 3.821)
2022-06-09 14:49:23,069 INFO org.apache.juli.logging.DirectJDKLog [RMI TCP Connection(2)-127.0.0.1] Initializing Spring DispatcherServlet 'dispatcherServlet'
2022-06-09 14:49:23,070 INFO org.springframework.web.servlet.FrameworkServlet [RMI TCP Connection(2)-127.0.0.1] Initializing Servlet 'dispatcherServlet'
2022-06-09 14:49:23,072 INFO org.springframework.web.servlet.FrameworkServlet [RMI TCP Connection(2)-127.0.0.1] Completed initialization in 2 ms
2022-06-09 14:49:23,084 INFO com.mongodb.diagnostics.logging.SLF4JLogger [RMI TCP Connection(3)-127.0.0.1] Opened connection [connectionId{localValue:3, serverValue:6}] to localhost:27017
2022-06-09 14:49:28,547 DEBUG com.hyperion.datalake.BlockchainController [http-nio-6789-exec-2] Post mapping triggered
2022-06-09 14:49:28,547 DEBUG com.hyperion.datalake.BlockchainController [http-nio-6789-exec-2] Attempting CRT
2022-06-09 14:49:28,547 INFO com.hyperion.datalake.BlockchainController [http-nio-6789-exec-2] Attempting CRT
2022-06-09 14:49:31,383 DEBUG com.hyperion.datalake.BotnetFuncs [http-nio-6789-exec-2] Attempting hashLedger
2022-06-09 14:49:31,383 INFO com.hyperion.datalake.BotnetFuncs [http-nio-6789-exec-2] Attempting hashLedger
2022-06-09 14:54:01,487 INFO com.mongodb.diagnostics.logging.SLF4JLogger [SpringApplicationShutdownHook] Closed connection [connectionId{localValue:3, serverValue:6}] to localhost:27017 because the pool has been closed.
2022-06-09 14:54:05,430 INFO org.springframework.boot.StartupInfoLogger [main] Starting DataLakeApplication using Java 17.0.2 on CoffeeContainer with PID 8382 (/home/drich/gojenga/src/datalake/build/classes/java/main started by drich in /home/drich/gojenga/src/datalake)
2022-06-09 14:54:05,432 DEBUG org.springframework.boot.StartupInfoLogger [main] Running with Spring Boot v2.5.6, Spring v5.3.12
2022-06-09 14:54:05,433 INFO org.springframework.boot.SpringApplication [main] No active profile set, falling back to default profiles: default
2022-06-09 14:54:06,071 INFO org.springframework.data.repository.config.RepositoryConfigurationDelegate [main] Bootstrapping Spring Data MongoDB repositories in DEFAULT mode.
2022-06-09 14:54:06,109 INFO org.springframework.data.repository.config.RepositoryConfigurationDelegate [main] Finished Spring Data repository scanning in 33 ms. Found 2 MongoDB repository interfaces.
2022-06-09 14:54:06,508 INFO org.springframework.boot.web.embedded.tomcat.TomcatWebServer [main] Tomcat initialized with port(s): 6789 (http)
2022-06-09 14:54:06,515 INFO org.apache.juli.logging.DirectJDKLog [main] Initializing ProtocolHandler ["http-nio-6789"]
2022-06-09 14:54:06,518 INFO org.apache.juli.logging.DirectJDKLog [main] Starting service [Tomcat]
2022-06-09 14:54:06,519 INFO org.apache.juli.logging.DirectJDKLog [main] Starting Servlet engine: [Apache Tomcat/9.0.54]
2022-06-09 14:54:06,585 INFO org.apache.juli.logging.DirectJDKLog [main] Initializing Spring embedded WebApplicationContext
2022-06-09 14:54:06,585 INFO org.springframework.boot.web.servlet.context.ServletWebServerApplicationContext [main] Root WebApplicationContext: initialization completed in 1111 ms
2022-06-09 14:54:06,923 INFO com.mongodb.diagnostics.logging.SLF4JLogger [main] Cluster created with settings {hosts=[localhost:27017], mode=SINGLE, requiredClusterType=UNKNOWN, serverSelectionTimeout='30000 ms'}
2022-06-09 14:54:06,966 INFO com.mongodb.diagnostics.logging.SLF4JLogger [cluster-ClusterId{value='62a25deed2ec28721891b5ee', description='null'}-localhost:27017] Opened connection [connectionId{localValue:1, serverValue:8}] to localhost:27017
2022-06-09 14:54:06,966 INFO com.mongodb.diagnostics.logging.SLF4JLogger [cluster-rtt-ClusterId{value='62a25deed2ec28721891b5ee', description='null'}-localhost:27017] Opened connection [connectionId{localValue:2, serverValue:9}] to localhost:27017
2022-06-09 14:54:06,966 INFO com.mongodb.diagnostics.logging.SLF4JLogger [cluster-ClusterId{value='62a25deed2ec28721891b5ee', description='null'}-localhost:27017] Monitor thread successfully connected to server with description ServerDescription{address=localhost:27017, type=STANDALONE, state=CONNECTED, ok=true, minWireVersion=0, maxWireVersion=13, maxDocumentSize=16777216, logicalSessionTimeoutMinutes=30, roundTripTimeNanos=20918609}
2022-06-09 14:54:08,100 INFO org.springframework.boot.actuate.endpoint.web.EndpointLinksResolver [main] Exposing 1 endpoint(s) beneath base path '/actuator'
2022-06-09 14:54:08,138 INFO org.apache.juli.logging.DirectJDKLog [main] Starting ProtocolHandler ["http-nio-6789"]
2022-06-09 14:54:08,147 INFO org.springframework.boot.web.embedded.tomcat.TomcatWebServer [main] Tomcat started on port(s): 6789 (http) with context path ''
2022-06-09 14:54:08,160 INFO org.springframework.boot.StartupInfoLogger [main] Started DataLakeApplication in 3.14 seconds (JVM running for 3.905)
2022-06-09 14:54:08,256 INFO org.apache.juli.logging.DirectJDKLog [RMI TCP Connection(3)-127.0.0.1] Initializing Spring DispatcherServlet 'dispatcherServlet'
2022-06-09 14:54:08,256 INFO org.springframework.web.servlet.FrameworkServlet [RMI TCP Connection(3)-127.0.0.1] Initializing Servlet 'dispatcherServlet'
2022-06-09 14:54:08,258 INFO org.springframework.web.servlet.FrameworkServlet [RMI TCP Connection(3)-127.0.0.1] Completed initialization in 1 ms
2022-06-09 14:54:08,268 INFO com.mongodb.diagnostics.logging.SLF4JLogger [RMI TCP Connection(2)-127.0.0.1] Opened connection [connectionId{localValue:3, serverValue:10}] to localhost:27017
2022-06-09 14:54:11,775 DEBUG com.hyperion.datalake.BlockchainController [http-nio-6789-exec-2] Attempting TRAN
2022-06-09 14:54:11,776 INFO com.hyperion.datalake.BlockchainController [http-nio-6789-exec-2] Attempting TRAN
2022-06-09 14:54:11,776 DEBUG com.hyperion.datalake.BotnetFuncs [http-nio-6789-exec-2] Attempting transaction
2022-06-09 14:54:11,777 INFO com.hyperion.datalake.BotnetFuncs [http-nio-6789-exec-2] Attempting transaction
2022-06-09 14:54:11,777 DEBUG com.hyperion.datalake.BotnetFuncs [http-nio-6789-exec-2] Attempting findAccount
2022-06-09 14:54:11,777 INFO com.hyperion.datalake.BotnetFuncs [http-nio-6789-exec-2] Attempting findAccount
2022-06-09 14:54:11,809 DEBUG com.hyperion.datalake.BotnetFuncs [http-nio-6789-exec-2] Attempting findAccount
2022-06-09 14:54:11,810 INFO com.hyperion.datalake.BotnetFuncs [http-nio-6789-exec-2] Attempting findAccount
2022-06-09 14:54:11,820 ERROR org.apache.juli.logging.DirectJDKLog [http-nio-6789-exec-2] Servlet.service() for servlet [dispatcherServlet] in context with path [] threw exception [Request processing failed; nested exception is java.lang.NumberFormatException: Cannot parse null string] with root cause
java.lang.NumberFormatException: Cannot parse null string
	at java.base/java.lang.Integer.parseInt(Integer.java:630)
	at java.base/java.lang.Integer.parseInt(Integer.java:786)
	at com.hyperion.datalake.BotnetFuncs.transaction(BotnetFuncs.java:130)
	at com.hyperion.datalake.BlockchainController.handlePut(BlockchainController.java:95)
	at java.base/jdk.internal.reflect.NativeMethodAccessorImpl.invoke0(Native Method)
	at java.base/jdk.internal.reflect.NativeMethodAccessorImpl.invoke(NativeMethodAccessorImpl.java:77)
	at java.base/jdk.internal.reflect.DelegatingMethodAccessorImpl.invoke(DelegatingMethodAccessorImpl.java:43)
	at java.base/java.lang.reflect.Method.invoke(Method.java:568)
	at org.springframework.web.method.support.InvocableHandlerMethod.doInvoke(InvocableHandlerMethod.java:205)
	at org.springframework.web.method.support.InvocableHandlerMethod.invokeForRequest(InvocableHandlerMethod.java:150)
	at org.springframework.web.servlet.mvc.method.annotation.ServletInvocableHandlerMethod.invokeAndHandle(ServletInvocableHandlerMethod.java:117)
	at org.springframework.web.servlet.mvc.method.annotation.RequestMappingHandlerAdapter.invokeHandlerMethod(RequestMappingHandlerAdapter.java:895)
	at org.springframework.web.servlet.mvc.method.annotation.RequestMappingHandlerAdapter.handleInternal(RequestMappingHandlerAdapter.java:808)
	at org.springframework.web.servlet.mvc.method.AbstractHandlerMethodAdapter.handle(AbstractHandlerMethodAdapter.java:87)
	at org.springframework.web.servlet.DispatcherServlet.doDispatch(DispatcherServlet.java:1067)
	at org.springframework.web.servlet.DispatcherServlet.doService(DispatcherServlet.java:963)
	at org.springframework.web.servlet.FrameworkServlet.processRequest(FrameworkServlet.java:1006)
	at org.springframework.web.servlet.FrameworkServlet.doPut(FrameworkServlet.java:920)
	at javax.servlet.http.HttpServlet.service(HttpServlet.java:684)
	at org.springframework.web.servlet.FrameworkServlet.service(FrameworkServlet.java:883)
	at javax.servlet.http.HttpServlet.service(HttpServlet.java:764)
	at org.apache.catalina.core.ApplicationFilterChain.internalDoFilter(ApplicationFilterChain.java:227)
	at org.apache.catalina.core.ApplicationFilterChain.doFilter(ApplicationFilterChain.java:162)
	at org.apache.tomcat.websocket.server.WsFilter.doFilter(WsFilter.java:53)
	at org.apache.catalina.core.ApplicationFilterChain.internalDoFilter(ApplicationFilterChain.java:189)
	at org.apache.catalina.core.ApplicationFilterChain.doFilter(ApplicationFilterChain.java:162)
	at org.springframework.web.filter.RequestContextFilter.doFilterInternal(RequestContextFilter.java:100)
	at org.springframework.web.filter.OncePerRequestFilter.doFilter(OncePerRequestFilter.java:119)
	at org.apache.catalina.core.ApplicationFilterChain.internalDoFilter(ApplicationFilterChain.java:189)
	at org.apache.catalina.core.ApplicationFilterChain.doFilter(ApplicationFilterChain.java:162)
	at org.springframework.web.filter.FormContentFilter.doFilterInternal(FormContentFilter.java:93)
	at org.springframework.web.filter.OncePerRequestFilter.doFilter(OncePerRequestFilter.java:119)
	at org.apache.catalina.core.ApplicationFilterChain.internalDoFilter(ApplicationFilterChain.java:189)
	at org.apache.catalina.core.ApplicationFilterChain.doFilter(ApplicationFilterChain.java:162)
	at org.springframework.boot.actuate.metrics.web.servlet.WebMvcMetricsFilter.doFilterInternal(WebMvcMetricsFilter.java:96)
	at org.springframework.web.filter.OncePerRequestFilter.doFilter(OncePerRequestFilter.java:119)
	at org.apache.catalina.core.ApplicationFilterChain.internalDoFilter(ApplicationFilterChain.java:189)
	at org.apache.catalina.core.ApplicationFilterChain.doFilter(ApplicationFilterChain.java:162)
	at org.springframework.web.filter.CharacterEncodingFilter.doFilterInternal(CharacterEncodingFilter.java:201)
	at org.springframework.web.filter.OncePerRequestFilter.doFilter(OncePerRequestFilter.java:119)
	at org.apache.catalina.core.ApplicationFilterChain.internalDoFilter(ApplicationFilterChain.java:189)
	at org.apache.catalina.core.ApplicationFilterChain.doFilter(ApplicationFilterChain.java:162)
	at org.apache.catalina.core.StandardWrapperValve.invoke(StandardWrapperValve.java:197)
	at org.apache.catalina.core.StandardContextValve.invoke(StandardContextValve.java:97)
	at org.apache.catalina.authenticator.AuthenticatorBase.invoke(AuthenticatorBase.java:540)
	at org.apache.catalina.core.StandardHostValve.invoke(StandardHostValve.java:135)
	at org.apache.catalina.valves.ErrorReportValve.invoke(ErrorReportValve.java:92)
	at org.apache.catalina.core.StandardEngineValve.invoke(StandardEngineValve.java:78)
	at org.apache.catalina.connector.CoyoteAdapter.service(CoyoteAdapter.java:357)
	at org.apache.coyote.http11.Http11Processor.service(Http11Processor.java:382)
	at org.apache.coyote.AbstractProcessorLight.process(AbstractProcessorLight.java:65)
	at org.apache.coyote.AbstractProtocol$ConnectionHandler.process(AbstractProtocol.java:895)
	at org.apache.tomcat.util.net.NioEndpoint$SocketProcessor.doRun(NioEndpoint.java:1722)
	at org.apache.tomcat.util.net.SocketProcessorBase.run(SocketProcessorBase.java:49)
	at org.apache.tomcat.util.threads.ThreadPoolExecutor.runWorker(ThreadPoolExecutor.java:1191)
	at org.apache.tomcat.util.threads.ThreadPoolExecutor$Worker.run(ThreadPoolExecutor.java:659)
	at org.apache.tomcat.util.threads.TaskThread$WrappingRunnable.run(TaskThread.java:61)
	at java.base/java.lang.Thread.run(Thread.java:833)
2022-06-09 14:55:36,751 DEBUG com.hyperion.datalake.BlockchainController [http-nio-6789-exec-4] Attempting TRAN
2022-06-09 14:55:36,752 INFO com.hyperion.datalake.BlockchainController [http-nio-6789-exec-4] Attempting TRAN
2022-06-09 14:55:36,752 DEBUG com.hyperion.datalake.BotnetFuncs [http-nio-6789-exec-4] Attempting transaction
2022-06-09 14:55:36,752 INFO com.hyperion.datalake.BotnetFuncs [http-nio-6789-exec-4] Attempting transaction
2022-06-09 14:55:36,752 DEBUG com.hyperion.datalake.BotnetFuncs [http-nio-6789-exec-4] Attempting findAccount
2022-06-09 14:55:36,752 INFO com.hyperion.datalake.BotnetFuncs [http-nio-6789-exec-4] Attempting findAccount
2022-06-09 14:55:36,756 DEBUG com.hyperion.datalake.BotnetFuncs [http-nio-6789-exec-4] Attempting findAccount
2022-06-09 14:55:36,757 INFO com.hyperion.datalake.BotnetFuncs [http-nio-6789-exec-4] Attempting findAccount
2022-06-09 14:56:07,384 ERROR org.apache.juli.logging.DirectJDKLog [http-nio-6789-exec-4] Servlet.service() for servlet [dispatcherServlet] in context with path [] threw exception [Request processing failed; nested exception is java.lang.NumberFormatException: Cannot parse null string] with root cause
java.lang.NumberFormatException: Cannot parse null string
	at java.base/java.lang.Integer.parseInt(Integer.java:630)
	at java.base/java.lang.Integer.parseInt(Integer.java:786)
	at com.hyperion.datalake.BotnetFuncs.transaction(BotnetFuncs.java:130)
	at com.hyperion.datalake.BlockchainController.handlePut(BlockchainController.java:95)
	at java.base/jdk.internal.reflect.NativeMethodAccessorImpl.invoke0(Native Method)
	at java.base/jdk.internal.reflect.NativeMethodAccessorImpl.invoke(NativeMethodAccessorImpl.java:77)
	at java.base/jdk.internal.reflect.DelegatingMethodAccessorImpl.invoke(DelegatingMethodAccessorImpl.java:43)
	at java.base/java.lang.reflect.Method.invoke(Method.java:568)
	at org.springframework.web.method.support.InvocableHandlerMethod.doInvoke(InvocableHandlerMethod.java:205)
	at org.springframework.web.method.support.InvocableHandlerMethod.invokeForRequest(InvocableHandlerMethod.java:150)
	at org.springframework.web.servlet.mvc.method.annotation.ServletInvocableHandlerMethod.invokeAndHandle(ServletInvocableHandlerMethod.java:117)
	at org.springframework.web.servlet.mvc.method.annotation.RequestMappingHandlerAdapter.invokeHandlerMethod(RequestMappingHandlerAdapter.java:895)
	at org.springframework.web.servlet.mvc.method.annotation.RequestMappingHandlerAdapter.handleInternal(RequestMappingHandlerAdapter.java:808)
	at org.springframework.web.servlet.mvc.method.AbstractHandlerMethodAdapter.handle(AbstractHandlerMethodAdapter.java:87)
	at org.springframework.web.servlet.DispatcherServlet.doDispatch(DispatcherServlet.java:1067)
	at org.springframework.web.servlet.DispatcherServlet.doService(DispatcherServlet.java:963)
	at org.springframework.web.servlet.FrameworkServlet.processRequest(FrameworkServlet.java:1006)
	at org.springframework.web.servlet.FrameworkServlet.doPut(FrameworkServlet.java:920)
	at javax.servlet.http.HttpServlet.service(HttpServlet.java:684)
	at org.springframework.web.servlet.FrameworkServlet.service(FrameworkServlet.java:883)
	at javax.servlet.http.HttpServlet.service(HttpServlet.java:764)
	at org.apache.catalina.core.ApplicationFilterChain.internalDoFilter(ApplicationFilterChain.java:227)
	at org.apache.catalina.core.ApplicationFilterChain.doFilter(ApplicationFilterChain.java:162)
	at org.apache.tomcat.websocket.server.WsFilter.doFilter(WsFilter.java:53)
	at org.apache.catalina.core.ApplicationFilterChain.internalDoFilter(ApplicationFilterChain.java:189)
	at org.apache.catalina.core.ApplicationFilterChain.doFilter(ApplicationFilterChain.java:162)
	at org.springframework.web.filter.RequestContextFilter.doFilterInternal(RequestContextFilter.java:100)
	at org.springframework.web.filter.OncePerRequestFilter.doFilter(OncePerRequestFilter.java:119)
	at org.apache.catalina.core.ApplicationFilterChain.internalDoFilter(ApplicationFilterChain.java:189)
	at org.apache.catalina.core.ApplicationFilterChain.doFilter(ApplicationFilterChain.java:162)
	at org.springframework.web.filter.FormContentFilter.doFilterInternal(FormContentFilter.java:93)
	at org.springframework.web.filter.OncePerRequestFilter.doFilter(OncePerRequestFilter.java:119)
	at org.apache.catalina.core.ApplicationFilterChain.internalDoFilter(ApplicationFilterChain.java:189)
	at org.apache.catalina.core.ApplicationFilterChain.doFilter(ApplicationFilterChain.java:162)
	at org.springframework.boot.actuate.metrics.web.servlet.WebMvcMetricsFilter.doFilterInternal(WebMvcMetricsFilter.java:96)
	at org.springframework.web.filter.OncePerRequestFilter.doFilter(OncePerRequestFilter.java:119)
	at org.apache.catalina.core.ApplicationFilterChain.internalDoFilter(ApplicationFilterChain.java:189)
	at org.apache.catalina.core.ApplicationFilterChain.doFilter(ApplicationFilterChain.java:162)
	at org.springframework.web.filter.CharacterEncodingFilter.doFilterInternal(CharacterEncodingFilter.java:201)
	at org.springframework.web.filter.OncePerRequestFilter.doFilter(OncePerRequestFilter.java:119)
	at org.apache.catalina.core.ApplicationFilterChain.internalDoFilter(ApplicationFilterChain.java:189)
	at org.apache.catalina.core.ApplicationFilterChain.doFilter(ApplicationFilterChain.java:162)
	at org.apache.catalina.core.StandardWrapperValve.invoke(StandardWrapperValve.java:197)
	at org.apache.catalina.core.StandardContextValve.invoke(StandardContextValve.java:97)
	at org.apache.catalina.authenticator.AuthenticatorBase.invoke(AuthenticatorBase.java:540)
	at org.apache.catalina.core.StandardHostValve.invoke(StandardHostValve.java:135)
	at org.apache.catalina.valves.ErrorReportValve.invoke(ErrorReportValve.java:92)
	at org.apache.catalina.core.StandardEngineValve.invoke(StandardEngineValve.java:78)
	at org.apache.catalina.connector.CoyoteAdapter.service(CoyoteAdapter.java:357)
	at org.apache.coyote.http11.Http11Processor.service(Http11Processor.java:382)
	at org.apache.coyote.AbstractProcessorLight.process(AbstractProcessorLight.java:65)
	at org.apache.coyote.AbstractProtocol$ConnectionHandler.process(AbstractProtocol.java:895)
	at org.apache.tomcat.util.net.NioEndpoint$SocketProcessor.doRun(NioEndpoint.java:1722)
	at org.apache.tomcat.util.net.SocketProcessorBase.run(SocketProcessorBase.java:49)
	at org.apache.tomcat.util.threads.ThreadPoolExecutor.runWorker(ThreadPoolExecutor.java:1191)
	at org.apache.tomcat.util.threads.ThreadPoolExecutor$Worker.run(ThreadPoolExecutor.java:659)
	at org.apache.tomcat.util.threads.TaskThread$WrappingRunnable.run(TaskThread.java:61)
	at java.base/java.lang.Thread.run(Thread.java:833)
2022-06-09 14:56:10,609 DEBUG com.hyperion.datalake.BlockchainController [http-nio-6789-exec-6] Post mapping triggered
2022-06-09 14:56:10,610 DEBUG com.hyperion.datalake.BlockchainController [http-nio-6789-exec-6] Attempting CRT
2022-06-09 14:56:10,610 INFO com.hyperion.datalake.BlockchainController [http-nio-6789-exec-6] Attempting CRT
2022-06-09 14:56:12,816 DEBUG com.hyperion.datalake.BotnetFuncs [http-nio-6789-exec-6] Attempting hashLedger
2022-06-09 14:56:12,816 INFO com.hyperion.datalake.BotnetFuncs [http-nio-6789-exec-6] Attempting hashLedger
2022-06-09 14:56:21,551 DEBUG com.hyperion.datalake.BlockchainController [http-nio-6789-exec-7] Post mapping triggered
2022-06-09 14:56:21,552 DEBUG com.hyperion.datalake.BlockchainController [http-nio-6789-exec-7] Attempting CRT
2022-06-09 14:56:21,552 INFO com.hyperion.datalake.BlockchainController [http-nio-6789-exec-7] Attempting CRT
2022-06-09 14:56:23,984 DEBUG com.hyperion.datalake.BotnetFuncs [http-nio-6789-exec-7] Attempting hashLedger
2022-06-09 14:56:23,986 INFO com.hyperion.datalake.BotnetFuncs [http-nio-6789-exec-7] Attempting hashLedger
2022-06-09 14:57:25,657 DEBUG com.hyperion.datalake.BlockchainController [http-nio-6789-exec-8] Attempting TRAN
2022-06-09 14:57:25,658 INFO com.hyperion.datalake.BlockchainController [http-nio-6789-exec-8] Attempting TRAN
2022-06-09 14:57:25,658 DEBUG com.hyperion.datalake.BotnetFuncs [http-nio-6789-exec-8] Attempting transaction
2022-06-09 14:57:25,658 INFO com.hyperion.datalake.BotnetFuncs [http-nio-6789-exec-8] Attempting transaction
2022-06-09 14:57:25,658 DEBUG com.hyperion.datalake.BotnetFuncs [http-nio-6789-exec-8] Attempting findAccount
2022-06-09 14:57:25,658 INFO com.hyperion.datalake.BotnetFuncs [http-nio-6789-exec-8] Attempting findAccount
2022-06-09 14:57:25,662 DEBUG com.hyperion.datalake.BotnetFuncs [http-nio-6789-exec-8] Attempting findAccount
2022-06-09 14:57:25,662 INFO com.hyperion.datalake.BotnetFuncs [http-nio-6789-exec-8] Attempting findAccount
2022-06-09 14:57:30,553 DEBUG com.hyperion.datalake.BotnetFuncs [http-nio-6789-exec-8] Attempting hashLedger
2022-06-09 14:57:30,553 INFO com.hyperion.datalake.BotnetFuncs [http-nio-6789-exec-8] Attempting hashLedger
2022-06-09 14:58:44,803 INFO com.mongodb.diagnostics.logging.SLF4JLogger [SpringApplicationShutdownHook] Closed connection [connectionId{localValue:3, serverValue:10}] to localhost:27017 because the pool has been closed.
2022-06-09 14:58:48,037 INFO org.springframework.boot.StartupInfoLogger [main] Starting DataLakeApplication using Java 17.0.2 on CoffeeContainer with PID 8672 (/home/drich/gojenga/src/datalake/build/classes/java/main started by drich in /home/drich/gojenga/src/datalake)
2022-06-09 14:58:48,040 DEBUG org.springframework.boot.StartupInfoLogger [main] Running with Spring Boot v2.5.6, Spring v5.3.12
2022-06-09 14:58:48,040 INFO org.springframework.boot.SpringApplication [main] No active profile set, falling back to default profiles: default
2022-06-09 14:58:48,645 INFO org.springframework.data.repository.config.RepositoryConfigurationDelegate [main] Bootstrapping Spring Data MongoDB repositories in DEFAULT mode.
2022-06-09 14:58:48,679 INFO org.springframework.data.repository.config.RepositoryConfigurationDelegate [main] Finished Spring Data repository scanning in 30 ms. Found 2 MongoDB repository interfaces.
2022-06-09 14:58:49,118 INFO org.springframework.boot.web.embedded.tomcat.TomcatWebServer [main] Tomcat initialized with port(s): 6789 (http)
2022-06-09 14:58:49,126 INFO org.apache.juli.logging.DirectJDKLog [main] Initializing ProtocolHandler ["http-nio-6789"]
2022-06-09 14:58:49,126 INFO org.apache.juli.logging.DirectJDKLog [main] Starting service [Tomcat]
2022-06-09 14:58:49,126 INFO org.apache.juli.logging.DirectJDKLog [main] Starting Servlet engine: [Apache Tomcat/9.0.54]
2022-06-09 14:58:49,190 INFO org.apache.juli.logging.DirectJDKLog [main] Initializing Spring embedded WebApplicationContext
2022-06-09 14:58:49,191 INFO org.springframework.boot.web.servlet.context.ServletWebServerApplicationContext [main] Root WebApplicationContext: initialization completed in 1120 ms
2022-06-09 14:58:49,516 INFO com.mongodb.diagnostics.logging.SLF4JLogger [main] Cluster created with settings {hosts=[localhost:27017], mode=SINGLE, requiredClusterType=UNKNOWN, serverSelectionTimeout='30000 ms'}
2022-06-09 14:58:49,560 INFO com.mongodb.diagnostics.logging.SLF4JLogger [cluster-rtt-ClusterId{value='62a25f09fd5d4a0cd131a4de', description='null'}-localhost:27017] Opened connection [connectionId{localValue:2, serverValue:11}] to localhost:27017
2022-06-09 14:58:49,560 INFO com.mongodb.diagnostics.logging.SLF4JLogger [cluster-ClusterId{value='62a25f09fd5d4a0cd131a4de', description='null'}-localhost:27017] Opened connection [connectionId{localValue:1, serverValue:12}] to localhost:27017
2022-06-09 14:58:49,560 INFO com.mongodb.diagnostics.logging.SLF4JLogger [cluster-ClusterId{value='62a25f09fd5d4a0cd131a4de', description='null'}-localhost:27017] Monitor thread successfully connected to server with description ServerDescription{address=localhost:27017, type=STANDALONE, state=CONNECTED, ok=true, minWireVersion=0, maxWireVersion=13, maxDocumentSize=16777216, logicalSessionTimeoutMinutes=30, roundTripTimeNanos=16931312}
2022-06-09 14:58:50,619 INFO org.springframework.boot.actuate.endpoint.web.EndpointLinksResolver [main] Exposing 1 endpoint(s) beneath base path '/actuator'
2022-06-09 14:58:50,657 INFO org.apache.juli.logging.DirectJDKLog [main] Starting ProtocolHandler ["http-nio-6789"]
2022-06-09 14:58:50,665 INFO org.springframework.boot.web.embedded.tomcat.TomcatWebServer [main] Tomcat started on port(s): 6789 (http) with context path ''
2022-06-09 14:58:50,677 INFO org.springframework.boot.StartupInfoLogger [main] Started DataLakeApplication in 3.048 seconds (JVM running for 3.705)
2022-06-09 14:58:50,927 INFO org.apache.juli.logging.DirectJDKLog [RMI TCP Connection(2)-127.0.0.1] Initializing Spring DispatcherServlet 'dispatcherServlet'
2022-06-09 14:58:50,927 INFO org.springframework.web.servlet.FrameworkServlet [RMI TCP Connection(2)-127.0.0.1] Initializing Servlet 'dispatcherServlet'
2022-06-09 14:58:50,928 INFO org.springframework.web.servlet.FrameworkServlet [RMI TCP Connection(2)-127.0.0.1] Completed initialization in 1 ms
2022-06-09 14:58:50,937 INFO com.mongodb.diagnostics.logging.SLF4JLogger [RMI TCP Connection(1)-127.0.0.1] Opened connection [connectionId{localValue:3, serverValue:13}] to localhost:27017
2022-06-09 14:59:02,625 DEBUG com.hyperion.datalake.BlockchainController [http-nio-6789-exec-1] Attempting TRAN
2022-06-09 14:59:02,625 INFO com.hyperion.datalake.BlockchainController [http-nio-6789-exec-1] Attempting TRAN
2022-06-09 14:59:02,625 DEBUG com.hyperion.datalake.BotnetFuncs [http-nio-6789-exec-1] Attempting transaction
2022-06-09 14:59:02,625 INFO com.hyperion.datalake.BotnetFuncs [http-nio-6789-exec-1] Attempting transaction
2022-06-09 14:59:02,626 DEBUG com.hyperion.datalake.BotnetFuncs [http-nio-6789-exec-1] Attempting findAccount
2022-06-09 14:59:02,626 INFO com.hyperion.datalake.BotnetFuncs [http-nio-6789-exec-1] Attempting findAccount
2022-06-09 14:59:02,683 DEBUG com.hyperion.datalake.BotnetFuncs [http-nio-6789-exec-1] Attempting findAccount
2022-06-09 14:59:02,683 INFO com.hyperion.datalake.BotnetFuncs [http-nio-6789-exec-1] Attempting findAccount
2022-06-09 14:59:02,716 DEBUG com.hyperion.datalake.BotnetFuncs [http-nio-6789-exec-1] Attempting hashLedger
2022-06-09 14:59:02,717 INFO com.hyperion.datalake.BotnetFuncs [http-nio-6789-exec-1] Attempting hashLedger
2022-06-09 14:59:09,284 INFO com.hyperion.datalake.BotnetFuncs [http-nio-6789-exec-1] tran hash response is --> Hash Complete
2022-06-09 15:01:00,358 INFO com.mongodb.diagnostics.logging.SLF4JLogger [SpringApplicationShutdownHook] Closed connection [connectionId{localValue:3, serverValue:13}] to localhost:27017 because the pool has been closed.
2022-06-09 15:02:00,590 INFO org.springframework.boot.StartupInfoLogger [main] Starting DataLakeApplication using Java 17.0.2 on CoffeeContainer with PID 8893 (/home/drich/gojenga/src/datalake/build/classes/java/main started by drich in /home/drich/gojenga/src/datalake)
2022-06-09 15:02:00,593 DEBUG org.springframework.boot.StartupInfoLogger [main] Running with Spring Boot v2.5.6, Spring v5.3.12
2022-06-09 15:02:00,594 INFO org.springframework.boot.SpringApplication [main] No active profile set, falling back to default profiles: default
2022-06-09 15:02:01,279 INFO org.springframework.data.repository.config.RepositoryConfigurationDelegate [main] Bootstrapping Spring Data MongoDB repositories in DEFAULT mode.
2022-06-09 15:02:01,312 INFO org.springframework.data.repository.config.RepositoryConfigurationDelegate [main] Finished Spring Data repository scanning in 29 ms. Found 2 MongoDB repository interfaces.
2022-06-09 15:02:01,696 INFO org.springframework.boot.web.embedded.tomcat.TomcatWebServer [main] Tomcat initialized with port(s): 6789 (http)
2022-06-09 15:02:01,702 INFO org.apache.juli.logging.DirectJDKLog [main] Initializing ProtocolHandler ["http-nio-6789"]
2022-06-09 15:02:01,703 INFO org.apache.juli.logging.DirectJDKLog [main] Starting service [Tomcat]
2022-06-09 15:02:01,703 INFO org.apache.juli.logging.DirectJDKLog [main] Starting Servlet engine: [Apache Tomcat/9.0.54]
2022-06-09 15:02:01,766 INFO org.apache.juli.logging.DirectJDKLog [main] Initializing Spring embedded WebApplicationContext
2022-06-09 15:02:01,767 INFO org.springframework.boot.web.servlet.context.ServletWebServerApplicationContext [main] Root WebApplicationContext: initialization completed in 1130 ms
2022-06-09 15:02:02,087 INFO com.mongodb.diagnostics.logging.SLF4JLogger [main] Cluster created with settings {hosts=[localhost:27017], mode=SINGLE, requiredClusterType=UNKNOWN, serverSelectionTimeout='30000 ms'}
2022-06-09 15:02:02,133 INFO com.mongodb.diagnostics.logging.SLF4JLogger [cluster-rtt-ClusterId{value='62a25fca42e81745fad4f95c', description='null'}-localhost:27017] Opened connection [connectionId{localValue:1, serverValue:14}] to localhost:27017
2022-06-09 15:02:02,133 INFO com.mongodb.diagnostics.logging.SLF4JLogger [cluster-ClusterId{value='62a25fca42e81745fad4f95c', description='null'}-localhost:27017] Opened connection [connectionId{localValue:2, serverValue:15}] to localhost:27017
2022-06-09 15:02:02,134 INFO com.mongodb.diagnostics.logging.SLF4JLogger [cluster-ClusterId{value='62a25fca42e81745fad4f95c', description='null'}-localhost:27017] Monitor thread successfully connected to server with description ServerDescription{address=localhost:27017, type=STANDALONE, state=CONNECTED, ok=true, minWireVersion=0, maxWireVersion=13, maxDocumentSize=16777216, logicalSessionTimeoutMinutes=30, roundTripTimeNanos=19522890}
2022-06-09 15:02:03,282 INFO org.springframework.boot.actuate.endpoint.web.EndpointLinksResolver [main] Exposing 1 endpoint(s) beneath base path '/actuator'
2022-06-09 15:02:03,322 INFO org.apache.juli.logging.DirectJDKLog [main] Starting ProtocolHandler ["http-nio-6789"]
2022-06-09 15:02:03,330 INFO org.springframework.boot.web.embedded.tomcat.TomcatWebServer [main] Tomcat started on port(s): 6789 (http) with context path ''
2022-06-09 15:02:03,344 INFO org.springframework.boot.StartupInfoLogger [main] Started DataLakeApplication in 3.14 seconds (JVM running for 3.66)
2022-06-09 15:02:03,534 INFO org.apache.juli.logging.DirectJDKLog [RMI TCP Connection(2)-127.0.0.1] Initializing Spring DispatcherServlet 'dispatcherServlet'
2022-06-09 15:02:03,535 INFO org.springframework.web.servlet.FrameworkServlet [RMI TCP Connection(2)-127.0.0.1] Initializing Servlet 'dispatcherServlet'
2022-06-09 15:02:03,536 INFO org.springframework.web.servlet.FrameworkServlet [RMI TCP Connection(2)-127.0.0.1] Completed initialization in 1 ms
2022-06-09 15:02:03,549 INFO com.mongodb.diagnostics.logging.SLF4JLogger [RMI TCP Connection(1)-127.0.0.1] Opened connection [connectionId{localValue:3, serverValue:16}] to localhost:27017
2022-06-09 15:02:08,057 DEBUG com.hyperion.datalake.BlockchainController [http-nio-6789-exec-2] Attempting TRAN
2022-06-09 15:02:08,058 INFO com.hyperion.datalake.BlockchainController [http-nio-6789-exec-2] Attempting TRAN
2022-06-09 15:02:08,058 DEBUG com.hyperion.datalake.BotnetFuncs [http-nio-6789-exec-2] Attempting transaction
2022-06-09 15:02:08,058 INFO com.hyperion.datalake.BotnetFuncs [http-nio-6789-exec-2] Attempting transaction
2022-06-09 15:02:08,059 DEBUG com.hyperion.datalake.BotnetFuncs [http-nio-6789-exec-2] Attempting findAccount
2022-06-09 15:02:08,059 INFO com.hyperion.datalake.BotnetFuncs [http-nio-6789-exec-2] Attempting findAccount
2022-06-09 15:02:08,116 DEBUG com.hyperion.datalake.BotnetFuncs [http-nio-6789-exec-2] Attempting findAccount
2022-06-09 15:02:08,117 INFO com.hyperion.datalake.BotnetFuncs [http-nio-6789-exec-2] Attempting findAccount
2022-06-09 15:02:08,154 DEBUG com.hyperion.datalake.BotnetFuncs [http-nio-6789-exec-2] Attempting hashLedger
2022-06-09 15:02:08,154 INFO com.hyperion.datalake.BotnetFuncs [http-nio-6789-exec-2] Attempting hashLedger
2022-06-09 15:02:20,265 INFO com.hyperion.datalake.BotnetFuncs [http-nio-6789-exec-2] hash saveResults are --> com.hyperion.datalake.Hash@34038cfb
2022-06-09 15:02:20,266 INFO com.hyperion.datalake.BotnetFuncs [http-nio-6789-exec-2] tran hash response is --> Hash Complete
2022-06-09 15:03:28,056 INFO com.mongodb.diagnostics.logging.SLF4JLogger [SpringApplicationShutdownHook] Closed connection [connectionId{localValue:3, serverValue:16}] to localhost:27017 because the pool has been closed.
2022-06-09 15:03:31,094 INFO org.springframework.boot.StartupInfoLogger [main] Starting DataLakeApplication using Java 17.0.2 on CoffeeContainer with PID 9105 (/home/drich/gojenga/src/datalake/build/classes/java/main started by drich in /home/drich/gojenga/src/datalake)
2022-06-09 15:03:31,097 DEBUG org.springframework.boot.StartupInfoLogger [main] Running with Spring Boot v2.5.6, Spring v5.3.12
2022-06-09 15:03:31,097 INFO org.springframework.boot.SpringApplication [main] No active profile set, falling back to default profiles: default
2022-06-09 15:03:31,717 INFO org.springframework.data.repository.config.RepositoryConfigurationDelegate [main] Bootstrapping Spring Data MongoDB repositories in DEFAULT mode.
2022-06-09 15:03:31,750 INFO org.springframework.data.repository.config.RepositoryConfigurationDelegate [main] Finished Spring Data repository scanning in 30 ms. Found 2 MongoDB repository interfaces.
2022-06-09 15:03:32,146 INFO org.springframework.boot.web.embedded.tomcat.TomcatWebServer [main] Tomcat initialized with port(s): 6789 (http)
2022-06-09 15:03:32,153 INFO org.apache.juli.logging.DirectJDKLog [main] Initializing ProtocolHandler ["http-nio-6789"]
2022-06-09 15:03:32,153 INFO org.apache.juli.logging.DirectJDKLog [main] Starting service [Tomcat]
2022-06-09 15:03:32,153 INFO org.apache.juli.logging.DirectJDKLog [main] Starting Servlet engine: [Apache Tomcat/9.0.54]
2022-06-09 15:03:32,221 INFO org.apache.juli.logging.DirectJDKLog [main] Initializing Spring embedded WebApplicationContext
2022-06-09 15:03:32,221 INFO org.springframework.boot.web.servlet.context.ServletWebServerApplicationContext [main] Root WebApplicationContext: initialization completed in 1080 ms
2022-06-09 15:03:32,581 INFO com.mongodb.diagnostics.logging.SLF4JLogger [main] Cluster created with settings {hosts=[localhost:27017], mode=SINGLE, requiredClusterType=UNKNOWN, serverSelectionTimeout='30000 ms'}
2022-06-09 15:03:32,621 INFO com.mongodb.diagnostics.logging.SLF4JLogger [cluster-ClusterId{value='62a260248747130c4b9862a6', description='null'}-localhost:27017] Opened connection [connectionId{localValue:1, serverValue:17}] to localhost:27017
2022-06-09 15:03:32,621 INFO com.mongodb.diagnostics.logging.SLF4JLogger [cluster-rtt-ClusterId{value='62a260248747130c4b9862a6', description='null'}-localhost:27017] Opened connection [connectionId{localValue:2, serverValue:18}] to localhost:27017
2022-06-09 15:03:32,622 INFO com.mongodb.diagnostics.logging.SLF4JLogger [cluster-ClusterId{value='62a260248747130c4b9862a6', description='null'}-localhost:27017] Monitor thread successfully connected to server with description ServerDescription{address=localhost:27017, type=STANDALONE, state=CONNECTED, ok=true, minWireVersion=0, maxWireVersion=13, maxDocumentSize=16777216, logicalSessionTimeoutMinutes=30, roundTripTimeNanos=18427896}
2022-06-09 15:03:34,125 INFO org.springframework.boot.actuate.endpoint.web.EndpointLinksResolver [main] Exposing 1 endpoint(s) beneath base path '/actuator'
2022-06-09 15:03:34,162 INFO org.apache.juli.logging.DirectJDKLog [main] Starting ProtocolHandler ["http-nio-6789"]
2022-06-09 15:03:34,170 INFO org.springframework.boot.web.embedded.tomcat.TomcatWebServer [main] Tomcat started on port(s): 6789 (http) with context path ''
2022-06-09 15:03:34,183 INFO org.springframework.boot.StartupInfoLogger [main] Started DataLakeApplication in 3.764 seconds (JVM running for 4.797)
2022-06-09 15:03:34,325 INFO org.apache.juli.logging.DirectJDKLog [RMI TCP Connection(4)-127.0.0.1] Initializing Spring DispatcherServlet 'dispatcherServlet'
2022-06-09 15:03:34,325 INFO org.springframework.web.servlet.FrameworkServlet [RMI TCP Connection(4)-127.0.0.1] Initializing Servlet 'dispatcherServlet'
2022-06-09 15:03:34,326 INFO org.springframework.web.servlet.FrameworkServlet [RMI TCP Connection(4)-127.0.0.1] Completed initialization in 1 ms
2022-06-09 15:03:34,357 INFO com.mongodb.diagnostics.logging.SLF4JLogger [RMI TCP Connection(5)-127.0.0.1] Opened connection [connectionId{localValue:3, serverValue:19}] to localhost:27017
2022-06-09 15:03:40,105 DEBUG com.hyperion.datalake.BlockchainController [http-nio-6789-exec-1] Post mapping triggered
2022-06-09 15:03:40,105 DEBUG com.hyperion.datalake.BlockchainController [http-nio-6789-exec-1] Attempting CRT
2022-06-09 15:03:40,105 INFO com.hyperion.datalake.BlockchainController [http-nio-6789-exec-1] Attempting CRT
2022-06-09 15:03:49,236 DEBUG com.hyperion.datalake.BotnetFuncs [http-nio-6789-exec-1] Attempting hashLedger
2022-06-09 15:03:49,236 INFO com.hyperion.datalake.BotnetFuncs [http-nio-6789-exec-1] Attempting hashLedger
2022-06-09 15:03:49,292 INFO com.hyperion.datalake.BotnetFuncs [http-nio-6789-exec-1] hash saveResults are --> com.hyperion.datalake.Hash@57e5cb30
2022-06-09 15:03:49,292 INFO com.hyperion.datalake.BlockchainController [http-nio-6789-exec-1] hash response is --> Hash Complete
2022-06-09 15:04:15,158 DEBUG com.hyperion.datalake.BlockchainController [http-nio-6789-exec-3] Post mapping triggered
2022-06-09 15:04:15,159 DEBUG com.hyperion.datalake.BlockchainController [http-nio-6789-exec-3] Attempting CRT
2022-06-09 15:04:15,159 INFO com.hyperion.datalake.BlockchainController [http-nio-6789-exec-3] Attempting CRT
2022-06-09 15:04:15,161 DEBUG com.hyperion.datalake.BotnetFuncs [http-nio-6789-exec-3] Attempting hashLedger
2022-06-09 15:04:15,162 INFO com.hyperion.datalake.BotnetFuncs [http-nio-6789-exec-3] Attempting hashLedger
2022-06-09 15:04:15,182 INFO com.hyperion.datalake.BotnetFuncs [http-nio-6789-exec-3] hash saveResults are --> com.hyperion.datalake.Hash@695c8889
2022-06-09 15:04:15,183 INFO com.hyperion.datalake.BlockchainController [http-nio-6789-exec-3] hash response is --> Hash Complete
2022-06-09 15:04:36,463 DEBUG com.hyperion.datalake.BlockchainController [http-nio-6789-exec-4] Attempting TRAN
2022-06-09 15:04:36,463 INFO com.hyperion.datalake.BlockchainController [http-nio-6789-exec-4] Attempting TRAN
2022-06-09 15:04:36,463 DEBUG com.hyperion.datalake.BotnetFuncs [http-nio-6789-exec-4] Attempting transaction
2022-06-09 15:04:36,463 INFO com.hyperion.datalake.BotnetFuncs [http-nio-6789-exec-4] Attempting transaction
2022-06-09 15:04:36,463 DEBUG com.hyperion.datalake.BotnetFuncs [http-nio-6789-exec-4] Attempting findAccount
2022-06-09 15:04:36,463 INFO com.hyperion.datalake.BotnetFuncs [http-nio-6789-exec-4] Attempting findAccount
2022-06-09 15:04:36,469 DEBUG com.hyperion.datalake.BotnetFuncs [http-nio-6789-exec-4] Attempting findAccount
2022-06-09 15:04:36,469 INFO com.hyperion.datalake.BotnetFuncs [http-nio-6789-exec-4] Attempting findAccount
2022-06-09 15:04:36,483 DEBUG com.hyperion.datalake.BotnetFuncs [http-nio-6789-exec-4] Attempting hashLedger
2022-06-09 15:04:36,484 INFO com.hyperion.datalake.BotnetFuncs [http-nio-6789-exec-4] Attempting hashLedger
2022-06-09 15:04:36,491 INFO com.hyperion.datalake.BotnetFuncs [http-nio-6789-exec-4] hash saveResults are --> com.hyperion.datalake.Hash@59dc639b
2022-06-09 15:04:36,492 INFO com.hyperion.datalake.BotnetFuncs [http-nio-6789-exec-4] tran hash response is --> Hash Complete
2022-06-09 15:06:07,855 INFO com.mongodb.diagnostics.logging.SLF4JLogger [SpringApplicationShutdownHook] Closed connection [connectionId{localValue:3, serverValue:19}] to localhost:27017 because the pool has been closed.
2022-06-09 15:06:11,137 INFO org.springframework.boot.StartupInfoLogger [main] Starting DataLakeApplication using Java 17.0.2 on CoffeeContainer with PID 9377 (/home/drich/gojenga/src/datalake/build/classes/java/main started by drich in /home/drich/gojenga/src/datalake)
2022-06-09 15:06:11,139 DEBUG org.springframework.boot.StartupInfoLogger [main] Running with Spring Boot v2.5.6, Spring v5.3.12
2022-06-09 15:06:11,139 INFO org.springframework.boot.SpringApplication [main] No active profile set, falling back to default profiles: default
2022-06-09 15:06:11,771 INFO org.springframework.data.repository.config.RepositoryConfigurationDelegate [main] Bootstrapping Spring Data MongoDB repositories in DEFAULT mode.
2022-06-09 15:06:11,802 INFO org.springframework.data.repository.config.RepositoryConfigurationDelegate [main] Finished Spring Data repository scanning in 28 ms. Found 2 MongoDB repository interfaces.
2022-06-09 15:06:12,161 INFO org.springframework.boot.web.embedded.tomcat.TomcatWebServer [main] Tomcat initialized with port(s): 6789 (http)
2022-06-09 15:06:12,166 INFO org.apache.juli.logging.DirectJDKLog [main] Initializing ProtocolHandler ["http-nio-6789"]
2022-06-09 15:06:12,167 INFO org.apache.juli.logging.DirectJDKLog [main] Starting service [Tomcat]
2022-06-09 15:06:12,167 INFO org.apache.juli.logging.DirectJDKLog [main] Starting Servlet engine: [Apache Tomcat/9.0.54]
2022-06-09 15:06:12,229 INFO org.apache.juli.logging.DirectJDKLog [main] Initializing Spring embedded WebApplicationContext
2022-06-09 15:06:12,230 INFO org.springframework.boot.web.servlet.context.ServletWebServerApplicationContext [main] Root WebApplicationContext: initialization completed in 1059 ms
2022-06-09 15:06:12,522 INFO com.mongodb.diagnostics.logging.SLF4JLogger [main] Cluster created with settings {hosts=[localhost:27017], mode=SINGLE, requiredClusterType=UNKNOWN, serverSelectionTimeout='30000 ms'}
2022-06-09 15:06:12,575 INFO com.mongodb.diagnostics.logging.SLF4JLogger [cluster-ClusterId{value='62a260c414f736357e47ff3f', description='null'}-localhost:27017] Opened connection [connectionId{localValue:1, serverValue:21}] to localhost:27017
2022-06-09 15:06:12,577 INFO com.mongodb.diagnostics.logging.SLF4JLogger [cluster-rtt-ClusterId{value='62a260c414f736357e47ff3f', description='null'}-localhost:27017] Opened connection [connectionId{localValue:2, serverValue:20}] to localhost:27017
2022-06-09 15:06:12,577 INFO com.mongodb.diagnostics.logging.SLF4JLogger [cluster-ClusterId{value='62a260c414f736357e47ff3f', description='null'}-localhost:27017] Monitor thread successfully connected to server with description ServerDescription{address=localhost:27017, type=STANDALONE, state=CONNECTED, ok=true, minWireVersion=0, maxWireVersion=13, maxDocumentSize=16777216, logicalSessionTimeoutMinutes=30, roundTripTimeNanos=33752066}
2022-06-09 15:06:13,617 INFO org.springframework.boot.actuate.endpoint.web.EndpointLinksResolver [main] Exposing 1 endpoint(s) beneath base path '/actuator'
2022-06-09 15:06:13,657 INFO org.apache.juli.logging.DirectJDKLog [main] Starting ProtocolHandler ["http-nio-6789"]
2022-06-09 15:06:13,665 INFO org.springframework.boot.web.embedded.tomcat.TomcatWebServer [main] Tomcat started on port(s): 6789 (http) with context path ''
2022-06-09 15:06:13,677 INFO org.springframework.boot.StartupInfoLogger [main] Started DataLakeApplication in 2.865 seconds (JVM running for 3.61)
2022-06-09 15:06:13,990 INFO org.apache.juli.logging.DirectJDKLog [RMI TCP Connection(2)-127.0.0.1] Initializing Spring DispatcherServlet 'dispatcherServlet'
2022-06-09 15:06:13,991 INFO org.springframework.web.servlet.FrameworkServlet [RMI TCP Connection(2)-127.0.0.1] Initializing Servlet 'dispatcherServlet'
2022-06-09 15:06:13,993 INFO org.springframework.web.servlet.FrameworkServlet [RMI TCP Connection(2)-127.0.0.1] Completed initialization in 2 ms
2022-06-09 15:06:14,018 INFO com.mongodb.diagnostics.logging.SLF4JLogger [RMI TCP Connection(1)-127.0.0.1] Opened connection [connectionId{localValue:3, serverValue:22}] to localhost:27017
2022-06-09 15:06:21,218 DEBUG com.hyperion.datalake.BlockchainController [http-nio-6789-exec-1] Post mapping triggered
2022-06-09 15:06:21,219 DEBUG com.hyperion.datalake.BlockchainController [http-nio-6789-exec-1] Attempting CRT
2022-06-09 15:06:21,219 INFO com.hyperion.datalake.BlockchainController [http-nio-6789-exec-1] Attempting CRT
2022-06-09 15:06:21,219 DEBUG com.hyperion.datalake.BotnetFuncs [http-nio-6789-exec-1] Attempting createAccount
2022-06-09 15:06:21,220 INFO com.hyperion.datalake.BotnetFuncs [http-nio-6789-exec-1] Attempting createAccount
2022-06-09 15:06:22,096 DEBUG com.hyperion.datalake.BotnetFuncs [http-nio-6789-exec-1] Attempting hashLedger
2022-06-09 15:06:22,096 INFO com.hyperion.datalake.BotnetFuncs [http-nio-6789-exec-1] Attempting hashLedger
2022-06-09 15:06:22,175 INFO com.hyperion.datalake.BotnetFuncs [http-nio-6789-exec-1] hash saveResults are --> com.hyperion.datalake.Hash@14994312
2022-06-09 15:06:22,176 DEBUG com.hyperion.datalake.BotnetFuncs [http-nio-6789-exec-1] Attempting hashLedger
2022-06-09 15:06:22,176 INFO com.hyperion.datalake.BotnetFuncs [http-nio-6789-exec-1] Attempting hashLedger
2022-06-09 15:06:22,196 INFO com.hyperion.datalake.BotnetFuncs [http-nio-6789-exec-1] hash saveResults are --> com.hyperion.datalake.Hash@a82e8e3
2022-06-09 15:06:22,196 INFO com.hyperion.datalake.BlockchainController [http-nio-6789-exec-1] Hash Complete
2022-06-09 15:06:26,017 DEBUG com.hyperion.datalake.BlockchainController [http-nio-6789-exec-3] Post mapping triggered
2022-06-09 15:06:26,018 DEBUG com.hyperion.datalake.BlockchainController [http-nio-6789-exec-3] Attempting CRT
2022-06-09 15:06:26,018 INFO com.hyperion.datalake.BlockchainController [http-nio-6789-exec-3] Attempting CRT
2022-06-09 15:06:26,018 DEBUG com.hyperion.datalake.BotnetFuncs [http-nio-6789-exec-3] Attempting createAccount
2022-06-09 15:06:26,018 INFO com.hyperion.datalake.BotnetFuncs [http-nio-6789-exec-3] Attempting createAccount
2022-06-09 15:06:26,022 DEBUG com.hyperion.datalake.BotnetFuncs [http-nio-6789-exec-3] Attempting hashLedger
2022-06-09 15:06:26,023 INFO com.hyperion.datalake.BotnetFuncs [http-nio-6789-exec-3] Attempting hashLedger
2022-06-09 15:06:26,029 INFO com.hyperion.datalake.BotnetFuncs [http-nio-6789-exec-3] hash saveResults are --> com.hyperion.datalake.Hash@37a15324
2022-06-09 15:06:26,030 DEBUG com.hyperion.datalake.BotnetFuncs [http-nio-6789-exec-3] Attempting hashLedger
2022-06-09 15:06:26,030 INFO com.hyperion.datalake.BotnetFuncs [http-nio-6789-exec-3] Attempting hashLedger
2022-06-09 15:06:26,039 INFO com.hyperion.datalake.BotnetFuncs [http-nio-6789-exec-3] hash saveResults are --> com.hyperion.datalake.Hash@72a3dbb4
2022-06-09 15:06:26,039 INFO com.hyperion.datalake.BlockchainController [http-nio-6789-exec-3] Hash Complete
2022-06-09 15:06:28,726 DEBUG com.hyperion.datalake.BlockchainController [http-nio-6789-exec-4] Attempting TRAN
2022-06-09 15:06:28,727 INFO com.hyperion.datalake.BlockchainController [http-nio-6789-exec-4] Attempting TRAN
2022-06-09 15:06:28,727 DEBUG com.hyperion.datalake.BotnetFuncs [http-nio-6789-exec-4] Attempting transaction
2022-06-09 15:06:28,727 INFO com.hyperion.datalake.BotnetFuncs [http-nio-6789-exec-4] Attempting transaction
2022-06-09 15:06:28,727 DEBUG com.hyperion.datalake.BotnetFuncs [http-nio-6789-exec-4] Attempting findAccount
2022-06-09 15:06:28,727 INFO com.hyperion.datalake.BotnetFuncs [http-nio-6789-exec-4] Attempting findAccount
2022-06-09 15:06:28,733 DEBUG com.hyperion.datalake.BotnetFuncs [http-nio-6789-exec-4] Attempting findAccount
2022-06-09 15:06:28,734 INFO com.hyperion.datalake.BotnetFuncs [http-nio-6789-exec-4] Attempting findAccount
2022-06-09 15:06:28,751 DEBUG com.hyperion.datalake.BotnetFuncs [http-nio-6789-exec-4] Attempting hashLedger
2022-06-09 15:06:28,751 INFO com.hyperion.datalake.BotnetFuncs [http-nio-6789-exec-4] Attempting hashLedger
2022-06-09 15:06:28,764 INFO com.hyperion.datalake.BotnetFuncs [http-nio-6789-exec-4] hash saveResults are --> com.hyperion.datalake.Hash@22a8c4fa
2022-06-09 15:06:28,765 INFO com.hyperion.datalake.BotnetFuncs [http-nio-6789-exec-4] tran hash response is --> Hash Complete
2022-06-09 15:06:54,825 DEBUG com.hyperion.datalake.BlockchainController [http-nio-6789-exec-5] Attempting TRAN
2022-06-09 15:06:54,826 INFO com.hyperion.datalake.BlockchainController [http-nio-6789-exec-5] Attempting TRAN
2022-06-09 15:06:54,826 DEBUG com.hyperion.datalake.BotnetFuncs [http-nio-6789-exec-5] Attempting transaction
2022-06-09 15:06:54,826 INFO com.hyperion.datalake.BotnetFuncs [http-nio-6789-exec-5] Attempting transaction
2022-06-09 15:06:54,826 DEBUG com.hyperion.datalake.BotnetFuncs [http-nio-6789-exec-5] Attempting findAccount
2022-06-09 15:06:54,826 INFO com.hyperion.datalake.BotnetFuncs [http-nio-6789-exec-5] Attempting findAccount
2022-06-09 15:06:54,829 DEBUG com.hyperion.datalake.BotnetFuncs [http-nio-6789-exec-5] Attempting findAccount
2022-06-09 15:06:54,829 INFO com.hyperion.datalake.BotnetFuncs [http-nio-6789-exec-5] Attempting findAccount
2022-06-09 15:06:54,882 DEBUG com.hyperion.datalake.BotnetFuncs [http-nio-6789-exec-5] Attempting hashLedger
2022-06-09 15:06:54,883 INFO com.hyperion.datalake.BotnetFuncs [http-nio-6789-exec-5] Attempting hashLedger
2022-06-09 15:06:54,890 INFO com.hyperion.datalake.BotnetFuncs [http-nio-6789-exec-5] hash saveResults are --> com.hyperion.datalake.Hash@5c228adf
2022-06-09 15:06:54,891 INFO com.hyperion.datalake.BotnetFuncs [http-nio-6789-exec-5] tran hash response is --> Hash Complete
2022-06-09 15:08:56,214 DEBUG com.hyperion.datalake.BlockchainController [http-nio-6789-exec-8] Post mapping triggered
2022-06-09 15:08:56,215 DEBUG com.hyperion.datalake.BlockchainController [http-nio-6789-exec-8] Attempting CRT
2022-06-09 15:08:56,215 INFO com.hyperion.datalake.BlockchainController [http-nio-6789-exec-8] Attempting CRT
2022-06-09 15:08:56,215 DEBUG com.hyperion.datalake.BotnetFuncs [http-nio-6789-exec-8] Attempting createAccount
2022-06-09 15:08:56,215 INFO com.hyperion.datalake.BotnetFuncs [http-nio-6789-exec-8] Attempting createAccount
2022-06-09 15:08:56,233 DEBUG com.hyperion.datalake.BotnetFuncs [http-nio-6789-exec-8] Attempting hashLedger
2022-06-09 15:08:56,233 INFO com.hyperion.datalake.BotnetFuncs [http-nio-6789-exec-8] Attempting hashLedger
2022-06-09 15:08:56,267 INFO com.hyperion.datalake.BotnetFuncs [http-nio-6789-exec-8] hash saveResults are --> com.hyperion.datalake.Hash@b02f211
2022-06-09 15:08:56,268 DEBUG com.hyperion.datalake.BotnetFuncs [http-nio-6789-exec-8] Attempting hashLedger
2022-06-09 15:08:56,268 INFO com.hyperion.datalake.BotnetFuncs [http-nio-6789-exec-8] Attempting hashLedger
2022-06-09 15:08:56,277 INFO com.hyperion.datalake.BotnetFuncs [http-nio-6789-exec-8] hash saveResults are --> com.hyperion.datalake.Hash@7f045460
2022-06-09 15:08:56,278 INFO com.hyperion.datalake.BlockchainController [http-nio-6789-exec-8] Hash Complete
2022-06-09 15:09:04,002 DEBUG com.hyperion.datalake.BlockchainController [http-nio-6789-exec-9] Post mapping triggered
2022-06-09 15:09:04,003 DEBUG com.hyperion.datalake.BlockchainController [http-nio-6789-exec-9] Attempting CRT
2022-06-09 15:09:04,003 INFO com.hyperion.datalake.BlockchainController [http-nio-6789-exec-9] Attempting CRT
2022-06-09 15:09:04,004 DEBUG com.hyperion.datalake.BotnetFuncs [http-nio-6789-exec-9] Attempting createAccount
2022-06-09 15:09:04,004 INFO com.hyperion.datalake.BotnetFuncs [http-nio-6789-exec-9] Attempting createAccount
2022-06-09 15:09:04,007 DEBUG com.hyperion.datalake.BotnetFuncs [http-nio-6789-exec-9] Attempting hashLedger
2022-06-09 15:09:04,008 INFO com.hyperion.datalake.BotnetFuncs [http-nio-6789-exec-9] Attempting hashLedger
2022-06-09 15:09:04,014 INFO com.hyperion.datalake.BotnetFuncs [http-nio-6789-exec-9] hash saveResults are --> com.hyperion.datalake.Hash@47bb7f8
2022-06-09 15:09:04,015 DEBUG com.hyperion.datalake.BotnetFuncs [http-nio-6789-exec-9] Attempting hashLedger
2022-06-09 15:09:04,015 INFO com.hyperion.datalake.BotnetFuncs [http-nio-6789-exec-9] Attempting hashLedger
2022-06-09 15:09:04,022 INFO com.hyperion.datalake.BotnetFuncs [http-nio-6789-exec-9] hash saveResults are --> com.hyperion.datalake.Hash@abc4907
2022-06-09 15:09:04,022 INFO com.hyperion.datalake.BlockchainController [http-nio-6789-exec-9] Hash Complete
2022-06-09 15:09:07,194 DEBUG com.hyperion.datalake.BlockchainController [http-nio-6789-exec-10] Attempting TRAN
2022-06-09 15:09:07,195 INFO com.hyperion.datalake.BlockchainController [http-nio-6789-exec-10] Attempting TRAN
2022-06-09 15:09:07,195 DEBUG com.hyperion.datalake.BotnetFuncs [http-nio-6789-exec-10] Attempting transaction
2022-06-09 15:09:07,195 INFO com.hyperion.datalake.BotnetFuncs [http-nio-6789-exec-10] Attempting transaction
2022-06-09 15:09:14,326 DEBUG com.hyperion.datalake.BotnetFuncs [http-nio-6789-exec-10] Attempting findAccount
2022-06-09 15:09:14,326 INFO com.hyperion.datalake.BotnetFuncs [http-nio-6789-exec-10] Attempting findAccount
2022-06-09 15:09:14,329 DEBUG com.hyperion.datalake.BotnetFuncs [http-nio-6789-exec-10] Attempting findAccount
2022-06-09 15:09:14,329 INFO com.hyperion.datalake.BotnetFuncs [http-nio-6789-exec-10] Attempting findAccount
2022-06-09 15:09:14,336 DEBUG com.hyperion.datalake.BotnetFuncs [http-nio-6789-exec-10] Attempting hashLedger
2022-06-09 15:09:14,336 INFO com.hyperion.datalake.BotnetFuncs [http-nio-6789-exec-10] Attempting hashLedger
2022-06-09 15:09:14,342 INFO com.hyperion.datalake.BotnetFuncs [http-nio-6789-exec-10] hash saveResults are --> com.hyperion.datalake.Hash@efe3048
2022-06-09 15:09:14,342 INFO com.hyperion.datalake.BotnetFuncs [http-nio-6789-exec-10] tran hash response is --> Hash Complete
2022-06-09 15:09:37,464 INFO com.mongodb.diagnostics.logging.SLF4JLogger [SpringApplicationShutdownHook] Closed connection [connectionId{localValue:3, serverValue:22}] to localhost:27017 because the pool has been closed.
